<?xml version="1.0" encoding="UTF-8"?>
<testng-results ignored="0" total="2" passed="2" failed="0" skipped="0">
  <reporter-output>
  </reporter-output>
  <suite started-at="2022-01-24T20:16:09 CST" name="Default suite" finished-at="2022-01-24T20:16:13 CST" duration-ms="3708">
    <groups>
    </groups>
    <test started-at="2022-01-24T20:16:09 CST" name="Default test" finished-at="2022-01-24T20:16:13 CST" duration-ms="3708">
      <class name="tests.SauceDemoLoginTest">
        <test-method is-config="true" signature="beforeMethod()[pri:0, instance:tests.SauceDemoLoginTest@5c48c0c0]" started-at="2022-01-24T20:16:09 CST" name="beforeMethod" finished-at="2022-01-24T20:16:10 CST" duration-ms="1445" status="PASS">
          <reporter-output>
          </reporter-output>
        </test-method> <!-- beforeMethod -->
        <test-method signature="inventoryTest()[pri:0, instance:tests.SauceDemoLoginTest@5c48c0c0]" started-at="2022-01-24T20:16:10 CST" name="inventoryTest" finished-at="2022-01-24T20:16:11 CST" duration-ms="597" status="PASS">
          <reporter-output>
          </reporter-output>
        </test-method> <!-- inventoryTest -->
        <test-method is-config="true" signature="afterMethod()[pri:0, instance:tests.SauceDemoLoginTest@5c48c0c0]" started-at="2022-01-24T20:16:11 CST" name="afterMethod" finished-at="2022-01-24T20:16:11 CST" duration-ms="303" status="PASS">
          <reporter-output>
          </reporter-output>
        </test-method> <!-- afterMethod -->
        <test-method is-config="true" signature="beforeMethod()[pri:0, instance:tests.SauceDemoLoginTest@5c48c0c0]" started-at="2022-01-24T20:16:11 CST" name="beforeMethod" finished-at="2022-01-24T20:16:12 CST" duration-ms="589" status="PASS">
          <reporter-output>
          </reporter-output>
        </test-method> <!-- beforeMethod -->
        <test-method signature="loginPageTest()[pri:0, instance:tests.SauceDemoLoginTest@5c48c0c0]" started-at="2022-01-24T20:16:12 CST" name="loginPageTest" finished-at="2022-01-24T20:16:12 CST" duration-ms="452" status="PASS">
          <reporter-output>
          </reporter-output>
        </test-method> <!-- loginPageTest -->
        <test-method is-config="true" signature="afterMethod()[pri:0, instance:tests.SauceDemoLoginTest@5c48c0c0]" started-at="2022-01-24T20:16:12 CST" name="afterMethod" finished-at="2022-01-24T20:16:13 CST" duration-ms="260" status="PASS">
          <reporter-output>
          </reporter-output>
        </test-method> <!-- afterMethod -->
      </class> <!-- tests.SauceDemoLoginTest -->
    </test> <!-- Default test -->
  </suite> <!-- Default suite -->
</testng-results>
